08-17-2016 @ 16:30:09 - Queuing 2.5.0 - wc_update_250_currency
08-17-2016 @ 16:30:09 - Queuing 2.5.0 - wc_update_250_db_version
08-17-2016 @ 16:30:09 - Queuing 2.6.0 - wc_update_260_options
08-17-2016 @ 16:30:09 - Queuing 2.6.0 - wc_update_260_termmeta
08-17-2016 @ 16:30:09 - Queuing 2.6.0 - wc_update_260_zones
08-17-2016 @ 16:30:09 - Queuing 2.6.0 - wc_update_260_zone_methods
08-17-2016 @ 16:30:09 - Queuing 2.6.0 - wc_update_260_refunds
08-17-2016 @ 16:30:09 - Queuing 2.6.0 - wc_update_260_db_version
08-17-2016 @ 16:30:10 - Unable to dispatch WooCommerce updater: Operation timed out after 1000 milliseconds with 0 bytes received
08-17-2016 @ 16:30:13 - Running wc_update_250_currency callback
08-17-2016 @ 16:30:13 - Finished wc_update_250_currency callback
08-17-2016 @ 16:30:13 - Running wc_update_250_db_version callback
08-17-2016 @ 16:30:13 - Finished wc_update_250_db_version callback
08-17-2016 @ 16:30:13 - Running wc_update_260_options callback
08-17-2016 @ 16:30:13 - Finished wc_update_260_options callback
08-17-2016 @ 16:30:13 - Running wc_update_260_termmeta callback
08-17-2016 @ 16:30:13 - Finished wc_update_260_termmeta callback
08-17-2016 @ 16:30:13 - Running wc_update_260_zones callback
08-17-2016 @ 16:30:14 - Finished wc_update_260_zones callback
08-17-2016 @ 16:30:14 - Running wc_update_260_zone_methods callback
08-17-2016 @ 16:30:14 - Finished wc_update_260_zone_methods callback
08-17-2016 @ 16:30:14 - Running wc_update_260_refunds callback
08-17-2016 @ 16:30:14 - Finished wc_update_260_refunds callback
08-17-2016 @ 16:30:14 - Running wc_update_260_db_version callback
08-17-2016 @ 16:30:14 - Finished wc_update_260_db_version callback
08-17-2016 @ 16:30:14 - Data update complete
